<?xml version="1.0" encoding="UTF-8"?>
<testng-results ignored="0" total="1" passed="1" failed="0" skipped="0">
  <reporter-output>
  </reporter-output>
  <suite started-at="2023-01-23T11:41:29 IST" name="Default suite" finished-at="2023-01-23T11:41:29 IST" duration-ms="53">
    <groups>
    </groups>
    <test started-at="2023-01-23T11:41:29 IST" name="Default test" finished-at="2023-01-23T11:41:29 IST" duration-ms="53">
      <class name="simpletest.Modify">
        <test-method signature="modify()[pri:0, instance:simpletest.Modify@4de4b452]" started-at="2023-01-23T11:41:29 IST" name="modify" finished-at="2023-01-23T11:41:29 IST" duration-ms="9" status="PASS">
          <reporter-output>
          </reporter-output>
        </test-method> <!-- modify -->
      </class> <!-- simpletest.Modify -->
    </test> <!-- Default test -->
  </suite> <!-- Default suite -->
</testng-results>
